<?xml version="1.0" encoding="UTF-8"?>
<testng-results ignored="0" total="2" passed="2" failed="0" skipped="0">
  <reporter-output>
  </reporter-output>
  <suite started-at="2021-11-08T15:13:10 IST" name="Default suite" finished-at="2021-11-08T15:13:27 IST" duration-ms="17300">
    <groups>
    </groups>
    <test started-at="2021-11-08T15:13:10 IST" name="Default test" finished-at="2021-11-08T15:13:27 IST" duration-ms="17300">
      <class name="igt.ExtentBaseClass">
        <test-method is-config="true" signature="setExtent()[pri:0, instance:igt.ExtentBaseClass@74751b3]" started-at="2021-11-08T15:13:10 IST" name="setExtent" finished-at="2021-11-08T15:13:10 IST" duration-ms="153" status="PASS">
          <reporter-output>
          </reporter-output>
        </test-method> <!-- setExtent -->
        <test-method is-config="true" signature="setup()[pri:0, instance:igt.ExtentBaseClass@74751b3]" started-at="2021-11-08T15:13:10 IST" name="setup" finished-at="2021-11-08T15:13:18 IST" duration-ms="8007" status="PASS">
          <reporter-output>
          </reporter-output>
        </test-method> <!-- setup -->
        <test-method signature="clickonGmail()[pri:0, instance:igt.ExtentBaseClass@74751b3]" started-at="2021-11-08T15:13:18 IST" name="clickonGmail" finished-at="2021-11-08T15:13:20 IST" duration-ms="1325" status="PASS">
          <reporter-output>
          </reporter-output>
        </test-method> <!-- clickonGmail -->
        <test-method is-config="true" signature="tearDown(org.testng.ITestResult)[pri:0, instance:igt.ExtentBaseClass@74751b3]" started-at="2021-11-08T15:13:20 IST" name="tearDown" finished-at="2021-11-08T15:13:20 IST" duration-ms="668" status="PASS">
          <params>
            <param index="0">
              <value>
                <![CDATA[[TestResult name=clickonGmail status=SUCCESS method=ExtentBaseClass.clickonGmail()[pri:0, instance:igt.ExtentBaseClass@74751b3] output={null}]]]>
              </value>
            </param>
          </params>
          <reporter-output>
          </reporter-output>
        </test-method> <!-- tearDown -->
        <test-method is-config="true" signature="setup()[pri:0, instance:igt.ExtentBaseClass@74751b3]" started-at="2021-11-08T15:13:20 IST" name="setup" finished-at="2021-11-08T15:13:26 IST" duration-ms="6147" status="PASS">
          <reporter-output>
          </reporter-output>
        </test-method> <!-- setup -->
        <test-method signature="titletest()[pri:0, instance:igt.ExtentBaseClass@74751b3]" started-at="2021-11-08T15:13:26 IST" name="titletest" finished-at="2021-11-08T15:13:26 IST" duration-ms="14" status="PASS">
          <reporter-output>
          </reporter-output>
        </test-method> <!-- titletest -->
        <test-method is-config="true" signature="tearDown(org.testng.ITestResult)[pri:0, instance:igt.ExtentBaseClass@74751b3]" started-at="2021-11-08T15:13:26 IST" name="tearDown" finished-at="2021-11-08T15:13:27 IST" duration-ms="678" status="PASS">
          <params>
            <param index="0">
              <value>
                <![CDATA[[TestResult name=titletest status=SUCCESS method=ExtentBaseClass.titletest()[pri:0, instance:igt.ExtentBaseClass@74751b3] output={null}]]]>
              </value>
            </param>
          </params>
          <reporter-output>
          </reporter-output>
        </test-method> <!-- tearDown -->
        <test-method is-config="true" signature="endReport()[pri:0, instance:igt.ExtentBaseClass@74751b3]" started-at="2021-11-08T15:13:27 IST" name="endReport" finished-at="2021-11-08T15:13:27 IST" duration-ms="270" status="PASS">
          <reporter-output>
          </reporter-output>
        </test-method> <!-- endReport -->
      </class> <!-- igt.ExtentBaseClass -->
    </test> <!-- Default test -->
  </suite> <!-- Default suite -->
</testng-results>
